2025-09-01 19:29:19,300 - INFO - ==================================================
2025-09-01 19:29:19,301 - INFO - EXPERIMENT CONFIGURATION
2025-09-01 19:29:19,301 - INFO - ==================================================
2025-09-01 19:29:19,301 - INFO - dataset_name: imdb
2025-09-01 19:29:19,301 - INFO - batch_size: 32
2025-09-01 19:29:19,301 - INFO - epochs: 10
2025-09-01 19:29:19,301 - INFO - max_length: 4096
2025-09-01 19:29:19,301 - INFO - embed_dim: 256
2025-09-01 19:29:19,301 - INFO - num_iters: 4
2025-09-01 19:29:19,301 - INFO - alpha: 0.5
2025-09-01 19:29:19,301 - INFO - learning_rate: 5e-05
2025-09-01 19:29:19,301 - INFO - device: cuda
2025-09-01 19:29:19,301 - INFO - experiment_name: diffusion_experiment
2025-09-01 19:29:19,301 - INFO - Log directory: logs/diffusion_experiment_imdb_batch32_20250901_192919
2025-09-01 19:29:19,301 - INFO - ==================================================
2025-09-01 19:52:39,713 - INFO - ==================================================
2025-09-01 19:52:39,714 - INFO - EXPERIMENT CONFIGURATION
2025-09-01 19:52:39,714 - INFO - ==================================================
2025-09-01 19:52:39,714 - INFO - dataset_name: imdb
2025-09-01 19:52:39,714 - INFO - batch_size: 64
2025-09-01 19:52:39,714 - INFO - epochs: 10
2025-09-01 19:52:39,714 - INFO - max_length: 4096
2025-09-01 19:52:39,714 - INFO - embed_dim: 256
2025-09-01 19:52:39,714 - INFO - num_iters: 4
2025-09-01 19:52:39,714 - INFO - alpha: 0.5
2025-09-01 19:52:39,714 - INFO - learning_rate: 5e-05
2025-09-01 19:52:39,714 - INFO - device: cuda
2025-09-01 19:52:39,714 - INFO - experiment_name: diffusion_experiment
2025-09-01 19:52:39,714 - INFO - Log directory: logs/diffusion_experiment_imdb_batch64_20250901_195239
2025-09-01 19:52:39,714 - INFO - ==================================================
