2025-09-02 00:58:16,504 - INFO - LRA LISTOPS Task Configuration:
2025-09-02 00:58:16,504 - INFO -   Sequence Length: 2000
2025-09-02 00:58:16,504 - INFO -   Vocab Size: 27
2025-09-02 00:58:16,504 - INFO -   Num Classes: 10
2025-09-02 00:58:16,504 - INFO -   Input Type: discrete
2025-09-02 00:58:16,531 - INFO - ==================================================
2025-09-02 00:58:16,531 - INFO - EXPERIMENT CONFIGURATION
2025-09-02 00:58:16,531 - INFO - ==================================================
2025-09-02 00:58:16,531 - INFO - dataset_name: lra_listops
2025-09-02 00:58:16,531 - INFO - batch_size: 64
2025-09-02 00:58:16,531 - INFO - epochs: 10
2025-09-02 00:58:16,531 - INFO - max_length: 2000
2025-09-02 00:58:16,531 - INFO - embed_dim: 256
2025-09-02 00:58:16,532 - INFO - num_iters: 16
2025-09-02 00:58:16,532 - INFO - alpha: 0.5
2025-09-02 00:58:16,532 - INFO - learning_rate: 5e-05
2025-09-02 00:58:16,532 - INFO - device: cuda
2025-09-02 00:58:16,532 - INFO - experiment_name: listops_num_iters_8
2025-09-02 00:58:16,532 - INFO - vocab_size: 27
2025-09-02 00:58:16,532 - INFO - num_classes: 10
2025-09-02 00:58:16,532 - INFO - Log directory: logs/listops_num_iters_8_lra_listops_batch64_20250902_005746
2025-09-02 00:58:16,532 - INFO - ==================================================
2025-09-02 01:44:29,237 - INFO - LRA LISTOPS Task Configuration:
2025-09-02 01:44:29,237 - INFO -   Sequence Length: 2000
2025-09-02 01:44:29,237 - INFO -   Vocab Size: 27
2025-09-02 01:44:29,237 - INFO -   Num Classes: 10
2025-09-02 01:44:29,237 - INFO -   Input Type: discrete
2025-09-02 01:44:29,241 - INFO - ==================================================
2025-09-02 01:44:29,241 - INFO - EXPERIMENT CONFIGURATION
2025-09-02 01:44:29,241 - INFO - ==================================================
2025-09-02 01:44:29,241 - INFO - dataset_name: lra_listops
2025-09-02 01:44:29,241 - INFO - batch_size: 128
2025-09-02 01:44:29,241 - INFO - epochs: 10
2025-09-02 01:44:29,241 - INFO - max_length: 2000
2025-09-02 01:44:29,241 - INFO - embed_dim: 256
2025-09-02 01:44:29,242 - INFO - num_iters: 16
2025-09-02 01:44:29,242 - INFO - alpha: 0.5
2025-09-02 01:44:29,242 - INFO - learning_rate: 5e-05
2025-09-02 01:44:29,242 - INFO - device: cuda
2025-09-02 01:44:29,242 - INFO - experiment_name: listops_num_iters_8
2025-09-02 01:44:29,242 - INFO - vocab_size: 27
2025-09-02 01:44:29,242 - INFO - num_classes: 10
2025-09-02 01:44:29,242 - INFO - Log directory: logs/listops_num_iters_8_lra_listops_batch128_20250902_014359
2025-09-02 01:44:29,242 - INFO - ==================================================
