2025-09-01 23:11:35,658 - INFO - LRA LISTOPS Task Configuration:
2025-09-01 23:11:35,659 - INFO -   Sequence Length: 2000
2025-09-01 23:11:35,659 - INFO -   Vocab Size: 27
2025-09-01 23:11:35,659 - INFO -   Num Classes: 10
2025-09-01 23:11:35,659 - INFO -   Input Type: discrete
2025-09-01 23:11:35,686 - INFO - ==================================================
2025-09-01 23:11:35,686 - INFO - EXPERIMENT CONFIGURATION
2025-09-01 23:11:35,686 - INFO - ==================================================
2025-09-01 23:11:35,686 - INFO - dataset_name: lra_listops
2025-09-01 23:11:35,686 - INFO - batch_size: 16
2025-09-01 23:11:35,686 - INFO - epochs: 5
2025-09-01 23:11:35,686 - INFO - max_length: 2000
2025-09-01 23:11:35,686 - INFO - embed_dim: 256
2025-09-01 23:11:35,686 - INFO - num_iters: 4
2025-09-01 23:11:35,686 - INFO - alpha: 0.5
2025-09-01 23:11:35,686 - INFO - learning_rate: 5e-05
2025-09-01 23:11:35,686 - INFO - device: cuda
2025-09-01 23:11:35,686 - INFO - experiment_name: diffusion_experiment
2025-09-01 23:11:35,686 - INFO - vocab_size: 27
2025-09-01 23:11:35,686 - INFO - num_classes: 10
2025-09-01 23:11:35,686 - INFO - Log directory: logs/diffusion_experiment_lra_listops_batch16_20250901_231106
2025-09-01 23:11:35,686 - INFO - ==================================================
2025-09-01 23:19:51,848 - INFO - LRA LISTOPS Task Configuration:
2025-09-01 23:19:51,849 - INFO -   Sequence Length: 2000
2025-09-01 23:19:51,849 - INFO -   Vocab Size: 27
2025-09-01 23:19:51,849 - INFO -   Num Classes: 10
2025-09-01 23:19:51,849 - INFO -   Input Type: discrete
2025-09-01 23:19:51,853 - INFO - ==================================================
2025-09-01 23:19:51,853 - INFO - EXPERIMENT CONFIGURATION
2025-09-01 23:19:51,853 - INFO - ==================================================
2025-09-01 23:19:51,853 - INFO - dataset_name: lra_listops
2025-09-01 23:19:51,853 - INFO - batch_size: 32
2025-09-01 23:19:51,853 - INFO - epochs: 5
2025-09-01 23:19:51,853 - INFO - max_length: 2000
2025-09-01 23:19:51,854 - INFO - embed_dim: 256
2025-09-01 23:19:51,854 - INFO - num_iters: 4
2025-09-01 23:19:51,854 - INFO - alpha: 0.5
2025-09-01 23:19:51,854 - INFO - learning_rate: 5e-05
2025-09-01 23:19:51,854 - INFO - device: cuda
2025-09-01 23:19:51,854 - INFO - experiment_name: diffusion_experiment
2025-09-01 23:19:51,854 - INFO - vocab_size: 27
2025-09-01 23:19:51,854 - INFO - num_classes: 10
2025-09-01 23:19:51,854 - INFO - Log directory: logs/diffusion_experiment_lra_listops_batch32_20250901_231922
2025-09-01 23:19:51,854 - INFO - ==================================================
